<?xml version="1.0" encoding="UTF-8"?>
<!-- Generated by org.testng.reporters.JUnitReportReporter -->
<testsuite skipped="0" hostname="DESKTOP-83DVKUU" name="be.twinkle.tests.TestNG_Integration" tests="4" failures="0" timestamp="09 août 2019 22:27:33 GMT" time="2.580" errors="0">
  <testcase name="test_listEmployees" time="1.716" classname="be.twinkle.tests.TestNG_Integration"/>
  <testcase name="test_rateSkill" time="0.087" classname="be.twinkle.tests.TestNG_Integration"/>
  <testcase name="test_listEmployeesByFunction" time="0.558" classname="be.twinkle.tests.TestNG_Integration"/>
  <testcase name="test_addEmployee" time="0.219" classname="be.twinkle.tests.TestNG_Integration"/>
</testsuite> <!-- be.twinkle.tests.TestNG_Integration -->
